<?xml version="1.0" encoding="UTF-8"?>
<!-- Generated by org.testng.reporters.JUnitReportReporter -->
<testsuite hostname="MSI" failures="0" tests="1" name="CucumberRunner.TestNGTestRunner" time="26.370" errors="0" timestamp="2022-09-29T01:16:33 IST" skipped="0">
  <testcase classname="CucumberRunner.TestNGTestRunner" name="runScenario" time="26.370"/>
  <system-out/>
</testsuite> <!-- CucumberRunner.TestNGTestRunner -->
